<?xml version="1.0" encoding="UTF-8"?>
<testsuite name="CPU Load (with Stack) [Simulation]" tests="5" failures="0" errors="0" skipped="0" time="0" timestamp="2026-03-10T19:56:49">
    <testcase name="EOL_Calibration" classname="STLA.CVADAS.CPU_Load" time="0">
        <system-out>SIMULATED: test sequence definition found in vTestStudio export. Awaiting physical ADAS bench hardware execution for actual result.</system-out>
    </testcase>
    <testcase name="Reset_NVM" classname="STLA.CVADAS.CPU_Load" time="0">
        <system-out>SIMULATED: test sequence definition found in vTestStudio export. Awaiting physical ADAS bench hardware execution for actual result.</system-out>
    </testcase>
    <testcase name="HMI_View_Switch" classname="STLA.CVADAS.CPU_Load" time="0">
        <system-out>SIMULATED: test sequence definition found in vTestStudio export. Awaiting physical ADAS bench hardware execution for actual result.</system-out>
    </testcase>
    <testcase name="SteeringAngleTest_HMI_View_Switch" classname="STLA.CVADAS.CPU_Load" time="0">
        <system-out>SIMULATED: test sequence definition found in vTestStudio export. Awaiting physical ADAS bench hardware execution for actual result.</system-out>
    </testcase>
    <testcase name="CPU_Load_Suite" classname="STLA.CVADAS.CPU_Load" time="0">
        <system-out>SIMULATED: test sequence definition found in vTestStudio export. Awaiting physical ADAS bench hardware execution for actual result.</system-out>
    </testcase>
</testsuite>
