<?xml version="1.0" encoding="UTF-8"?>
<testsuite name="Quick Sanity (PR Gate) [Simulation]" tests="4" failures="0" errors="0" skipped="0" time="0" timestamp="2026-03-10T19:56:49">
    <testcase name="EOL_Calibration" classname="STLA.CVADAS.QuickSanity" time="0">
        <system-out>SIMULATED: test sequence definition found in vTestStudio export. Awaiting physical ADAS bench hardware execution for actual result.</system-out>
    </testcase>
    <testcase name="Reset_NVM" classname="STLA.CVADAS.QuickSanity" time="0">
        <system-out>SIMULATED: test sequence definition found in vTestStudio export. Awaiting physical ADAS bench hardware execution for actual result.</system-out>
    </testcase>
    <testcase name="HMI_View_Switch" classname="STLA.CVADAS.QuickSanity" time="0">
        <system-out>SIMULATED: test sequence definition found in vTestStudio export. Awaiting physical ADAS bench hardware execution for actual result.</system-out>
    </testcase>
    <testcase name="SteeringAngleTest_HMI_View_Switch" classname="STLA.CVADAS.QuickSanity" time="0">
        <system-out>SIMULATED: test sequence definition found in vTestStudio export. Awaiting physical ADAS bench hardware execution for actual result.</system-out>
    </testcase>
</testsuite>
